<?xml version="1.0" encoding="UTF-8"?>
<coverage generated="1778435419816" clover="3.2.0">
  <project timestamp="1778435419816" name="All files">
    <metrics statements="296" coveredstatements="279" conditionals="140" coveredconditionals="109" methods="46" coveredmethods="44" elements="482" coveredelements="432" complexity="0" loc="296" ncloc="296" packages="1" files="6" classes="6"/>
    <file name="ArtificialBasisSolver.ts" path="C:\Users\user\WebstormProjects\Projectkurs\ts\ArtificialBasisSolver.ts">
      <metrics statements="86" coveredstatements="84" conditionals="54" coveredconditionals="43" methods="7" coveredmethods="7"/>
      <line num="1" count="1" type="stmt"/>
      <line num="2" count="1" type="stmt"/>
      <line num="4" count="1" type="stmt"/>
      <line num="6" count="1" type="stmt"/>
      <line num="9" count="2" type="stmt"/>
      <line num="12" count="2" type="stmt"/>
      <line num="15" count="2" type="stmt"/>
      <line num="16" count="2" type="stmt"/>
      <line num="17" count="4" type="cond" truecount="4" falsecount="0"/>
      <line num="18" count="1" type="stmt"/>
      <line num="21" count="3" type="stmt"/>
      <line num="25" count="2" type="stmt"/>
      <line num="31" count="2" type="stmt"/>
      <line num="32" count="6" type="stmt"/>
      <line num="35" count="6" type="cond" truecount="2" falsecount="0"/>
      <line num="36" count="2" type="stmt"/>
      <line num="37" count="1" type="stmt"/>
      <line num="38" count="1" type="stmt"/>
      <line num="41" count="4" type="stmt"/>
      <line num="43" count="4" type="cond" truecount="1" falsecount="1"/>
      <line num="44" count="0" type="stmt"/>
      <line num="47" count="4" type="stmt"/>
      <line num="48" count="4" type="stmt"/>
      <line num="50" count="4" type="stmt"/>
      <line num="51" count="4" type="stmt"/>
      <line num="53" count="4" type="stmt"/>
      <line num="59" count="1" type="stmt"/>
      <line num="63" count="2" type="stmt"/>
      <line num="64" count="2" type="stmt"/>
      <line num="65" count="2" type="stmt"/>
      <line num="67" count="2" type="stmt"/>
      <line num="68" count="4" type="stmt"/>
      <line num="69" count="4" type="stmt"/>
      <line num="71" count="4" type="cond" truecount="1" falsecount="1"/>
      <line num="72" count="4" type="stmt"/>
      <line num="73" count="4" type="cond" truecount="1" falsecount="1"/>
      <line num="74" count="0" type="cond" truecount="0" falsecount="4"/>
      <line num="77" count="6" type="stmt"/>
      <line num="78" count="4" type="stmt"/>
      <line num="79" count="8" type="stmt"/>
      <line num="80" count="8" type="cond" truecount="2" falsecount="0"/>
      <line num="81" count="4" type="cond" truecount="2" falsecount="0"/>
      <line num="82" count="3" type="cond" truecount="2" falsecount="0"/>
      <line num="84" count="8" type="stmt"/>
      <line num="86" count="4" type="stmt"/>
      <line num="87" count="8" type="cond" truecount="5" falsecount="0"/>
      <line num="89" count="4" type="stmt"/>
      <line num="90" count="4" type="stmt"/>
      <line num="94" count="2" type="stmt"/>
      <line num="95" count="2" type="stmt"/>
      <line num="97" count="2" type="stmt"/>
      <line num="98" count="3" type="cond" truecount="2" falsecount="0"/>
      <line num="100" count="4" type="stmt"/>
      <line num="101" count="4" type="stmt"/>
      <line num="102" count="2" type="stmt"/>
      <line num="103" count="2" type="stmt"/>
      <line num="106" count="2" type="stmt"/>
      <line num="107" count="2" type="stmt"/>
      <line num="108" count="4" type="stmt"/>
      <line num="109" count="4" type="cond" truecount="1" falsecount="3"/>
      <line num="111" count="4" type="cond" truecount="5" falsecount="0"/>
      <line num="112" count="3" type="stmt"/>
      <line num="113" count="3" type="stmt"/>
      <line num="114" count="20" type="stmt"/>
      <line num="118" count="2" type="stmt"/>
      <line num="122" count="6" type="stmt"/>
      <line num="123" count="6" type="stmt"/>
      <line num="124" count="6" type="stmt"/>
      <line num="125" count="34" type="cond" truecount="2" falsecount="0"/>
      <line num="126" count="5" type="cond" truecount="4" falsecount="0"/>
      <line num="129" count="6" type="stmt"/>
      <line num="133" count="4" type="stmt"/>
      <line num="134" count="4" type="stmt"/>
      <line num="135" count="4" type="stmt"/>
      <line num="136" count="4" type="stmt"/>
      <line num="137" count="8" type="cond" truecount="2" falsecount="0"/>
      <line num="138" count="7" type="stmt"/>
      <line num="139" count="7" type="cond" truecount="4" falsecount="0"/>
      <line num="140" count="5" type="stmt"/>
      <line num="141" count="5" type="stmt"/>
      <line num="145" count="4" type="stmt"/>
      <line num="149" count="2" type="stmt"/>
      <line num="150" count="2" type="stmt"/>
      <line num="151" count="4" type="cond" truecount="2" falsecount="0"/>
      <line num="152" count="1" type="stmt"/>
      <line num="153" count="1" type="cond" truecount="1" falsecount="1"/>
    </file>
    <file name="BaseSimplexSolver.ts" path="C:\Users\user\WebstormProjects\Projectkurs\ts\BaseSimplexSolver.ts">
      <metrics statements="30" coveredstatements="30" conditionals="11" coveredconditionals="7" methods="8" coveredmethods="8"/>
      <line num="1" count="3" type="stmt"/>
      <line num="5" count="3" type="stmt"/>
      <line num="13" count="2" type="stmt"/>
      <line num="15" count="2" type="stmt"/>
      <line num="16" count="4" type="stmt"/>
      <line num="17" count="4" type="stmt"/>
      <line num="20" count="4" type="cond" truecount="2" falsecount="2"/>
      <line num="22" count="4" type="stmt"/>
      <line num="23" count="8" type="stmt"/>
      <line num="26" count="4" type="stmt"/>
      <line num="27" count="8" type="cond" truecount="2" falsecount="0"/>
      <line num="29" count="4" type="stmt"/>
      <line num="30" count="4" type="stmt"/>
      <line num="34" count="2" type="stmt"/>
      <line num="35" count="2" type="stmt"/>
      <line num="37" count="4" type="cond" truecount="1" falsecount="1"/>
      <line num="38" count="4" type="stmt"/>
      <line num="40" count="6" type="stmt"/>
      <line num="41" count="2" type="stmt"/>
      <line num="43" count="2" type="stmt"/>
      <line num="48" count="9" type="stmt"/>
      <line num="49" count="165" type="stmt"/>
      <line num="51" count="53" type="stmt"/>
      <line num="52" count="9" type="stmt"/>
      <line num="53" count="28" type="cond" truecount="2" falsecount="0"/>
      <line num="54" count="19" type="stmt"/>
      <line num="55" count="19" type="stmt"/>
      <line num="56" count="112" type="stmt"/>
      <line num="60" count="9" type="stmt"/>
      <line num="63" count="51" type="stmt"/>
    </file>
    <file name="Fraction.ts" path="C:\Users\user\WebstormProjects\Projectkurs\ts\Fraction.ts">
      <metrics statements="30" coveredstatements="19" conditionals="15" coveredconditionals="8" methods="12" coveredmethods="11"/>
      <line num="1" count="5" type="stmt"/>
      <line num="2" count="561" type="cond" truecount="1" falsecount="0"/>
      <line num="3" count="561" type="stmt"/>
      <line num="7" count="561" type="cond" truecount="1" falsecount="1"/>
      <line num="8" count="561" type="cond" truecount="2" falsecount="0"/>
      <line num="9" count="561" type="stmt"/>
      <line num="10" count="561" type="stmt"/>
      <line num="11" count="561" type="stmt"/>
      <line num="15" count="1317" type="cond" truecount="2" falsecount="0"/>
      <line num="19" count="0" type="stmt"/>
      <line num="20" count="0" type="cond" truecount="0" falsecount="2"/>
      <line num="21" count="0" type="stmt"/>
      <line num="22" count="0" type="cond" truecount="0" falsecount="2"/>
      <line num="24" count="0" type="stmt"/>
      <line num="25" count="0" type="cond" truecount="0" falsecount="2"/>
      <line num="26" count="0" type="stmt"/>
      <line num="27" count="0" type="stmt"/>
      <line num="28" count="0" type="stmt"/>
      <line num="29" count="0" type="stmt"/>
      <line num="31" count="0" type="stmt"/>
      <line num="36" count="11" type="stmt"/>
      <line num="37" count="11" type="stmt"/>
      <line num="41" count="11" type="stmt"/>
      <line num="43" count="9" type="stmt"/>
      <line num="44" count="170" type="stmt"/>
      <line num="45" count="159" type="stmt"/>
      <line num="46" count="70" type="stmt"/>
      <line num="48" count="108" type="stmt"/>
      <line num="49" count="40" type="stmt"/>
      <line num="50" count="14" type="cond" truecount="2" falsecount="0"/>
    </file>
    <file name="GomorySolver.ts" path="C:\Users\user\WebstormProjects\Projectkurs\ts\GomorySolver.ts">
      <metrics statements="58" coveredstatements="58" conditionals="23" coveredconditionals="19" methods="3" coveredmethods="3"/>
      <line num="1" count="1" type="stmt"/>
      <line num="2" count="1" type="stmt"/>
      <line num="3" count="1" type="stmt"/>
      <line num="6" count="1" type="stmt"/>
      <line num="9" count="1" type="stmt"/>
      <line num="13" count="1" type="stmt"/>
      <line num="14" count="1" type="stmt"/>
      <line num="17" count="1" type="stmt"/>
      <line num="18" count="1" type="stmt"/>
      <line num="19" count="1" type="stmt"/>
      <line num="22" count="1" type="stmt"/>
      <line num="23" count="2" type="stmt"/>
      <line num="24" count="2" type="stmt"/>
      <line num="25" count="2" type="stmt"/>
      <line num="28" count="2" type="stmt"/>
      <line num="29" count="5" type="stmt"/>
      <line num="31" count="5" type="cond" truecount="5" falsecount="0"/>
      <line num="32" count="1" type="stmt"/>
      <line num="33" count="1" type="stmt"/>
      <line num="38" count="2" type="cond" truecount="2" falsecount="0"/>
      <line num="39" count="1" type="stmt"/>
      <line num="44" count="1" type="stmt"/>
      <line num="49" count="1" type="stmt"/>
      <line num="50" count="1" type="stmt"/>
      <line num="51" count="5" type="stmt"/>
      <line num="53" count="5" type="stmt"/>
      <line num="57" count="1" type="stmt"/>
      <line num="58" count="3" type="stmt"/>
      <line num="62" count="1" type="stmt"/>
      <line num="65" count="1" type="stmt"/>
      <line num="68" count="1" type="stmt"/>
      <line num="70" count="1" type="stmt"/>
      <line num="78" count="1" type="stmt"/>
      <line num="81" count="1" type="stmt"/>
      <line num="85" count="1" type="stmt"/>
      <line num="87" count="1" type="stmt"/>
      <line num="88" count="2" type="stmt"/>
      <line num="89" count="2" type="stmt"/>
      <line num="92" count="2" type="stmt"/>
      <line num="93" count="6" type="cond" truecount="2" falsecount="0"/>
      <line num="94" count="1" type="cond" truecount="2" falsecount="2"/>
      <line num="95" count="1" type="stmt"/>
      <line num="100" count="2" type="cond" truecount="2" falsecount="0"/>
      <line num="103" count="1" type="stmt"/>
      <line num="104" count="1" type="stmt"/>
      <line num="105" count="1" type="stmt"/>
      <line num="107" count="1" type="stmt"/>
      <line num="108" count="5" type="cond" truecount="2" falsecount="0"/>
      <line num="109" count="2" type="stmt"/>
      <line num="110" count="2" type="stmt"/>
      <line num="111" count="2" type="cond" truecount="3" falsecount="1"/>
      <line num="112" count="2" type="stmt"/>
      <line num="113" count="2" type="stmt"/>
      <line num="118" count="1" type="cond" truecount="1" falsecount="1"/>
      <line num="121" count="1" type="stmt"/>
      <line num="122" count="1" type="stmt"/>
      <line num="124" count="1" type="stmt"/>
      <line num="132" count="1" type="stmt"/>
    </file>
    <file name="SimplexSolver.ts" path="C:\Users\user\WebstormProjects\Projectkurs\ts\SimplexSolver.ts">
      <metrics statements="40" coveredstatements="40" conditionals="16" coveredconditionals="14" methods="4" coveredmethods="4"/>
      <line num="1" count="2" type="stmt"/>
      <line num="2" count="2" type="stmt"/>
      <line num="5" count="2" type="stmt"/>
      <line num="7" count="2" type="stmt"/>
      <line num="8" count="2" type="stmt"/>
      <line num="9" count="4" type="stmt"/>
      <line num="11" count="2" type="stmt"/>
      <line num="17" count="2" type="stmt"/>
      <line num="19" count="6" type="stmt"/>
      <line num="20" count="6" type="cond" truecount="2" falsecount="0"/>
      <line num="21" count="2" type="stmt"/>
      <line num="22" count="2" type="stmt"/>
      <line num="25" count="4" type="stmt"/>
      <line num="26" count="4" type="cond" truecount="1" falsecount="1"/>
      <line num="28" count="4" type="stmt"/>
      <line num="29" count="4" type="stmt"/>
      <line num="31" count="4" type="stmt"/>
      <line num="32" count="4" type="stmt"/>
      <line num="34" count="4" type="stmt"/>
      <line num="40" count="2" type="stmt"/>
      <line num="44" count="6" type="stmt"/>
      <line num="45" count="6" type="stmt"/>
      <line num="46" count="6" type="stmt"/>
      <line num="48" count="6" type="stmt"/>
      <line num="51" count="24" type="cond" truecount="2" falsecount="0"/>
      <line num="52" count="6" type="cond" truecount="4" falsecount="0"/>
      <line num="53" count="4" type="stmt"/>
      <line num="54" count="4" type="stmt"/>
      <line num="58" count="6" type="stmt"/>
      <line num="62" count="4" type="stmt"/>
      <line num="63" count="4" type="stmt"/>
      <line num="64" count="4" type="stmt"/>
      <line num="66" count="4" type="stmt"/>
      <line num="67" count="8" type="stmt"/>
      <line num="68" count="8" type="cond" truecount="1" falsecount="1"/>
      <line num="69" count="8" type="stmt"/>
      <line num="70" count="8" type="cond" truecount="4" falsecount="0"/>
      <line num="71" count="6" type="stmt"/>
      <line num="72" count="6" type="stmt"/>
      <line num="76" count="4" type="stmt"/>
    </file>
    <file name="TransportationSolver.ts" path="C:\Users\user\WebstormProjects\Projectkurs\ts\TransportationSolver.ts">
      <metrics statements="52" coveredstatements="48" conditionals="21" coveredconditionals="18" methods="12" coveredmethods="11"/>
      <line num="1" count="1" type="stmt"/>
      <line num="5" count="1" type="stmt"/>
      <line num="8" count="2" type="stmt"/>
      <line num="10" count="2" type="cond" truecount="4" falsecount="1"/>
      <line num="11" count="0" type="stmt"/>
      <line num="14" count="2" type="stmt"/>
      <line num="18" count="2" type="stmt"/>
      <line num="20" count="2" type="stmt"/>
      <line num="21" count="2" type="stmt"/>
      <line num="23" count="2" type="stmt"/>
      <line num="24" count="10" type="stmt"/>
      <line num="27" count="2" type="stmt"/>
      <line num="28" count="2" type="stmt"/>
      <line num="30" count="2" type="stmt"/>
      <line num="37" count="2" type="stmt"/>
      <line num="38" count="7" type="stmt"/>
      <line num="39" count="7" type="stmt"/>
      <line num="41" count="7" type="stmt"/>
      <line num="42" count="14" type="cond" truecount="2" falsecount="0"/>
      <line num="43" count="7" type="stmt"/>
      <line num="44" count="18" type="cond" truecount="2" falsecount="0"/>
      <line num="46" count="14" type="stmt"/>
      <line num="47" count="14" type="cond" truecount="4" falsecount="0"/>
      <line num="48" count="6" type="stmt"/>
      <line num="49" count="6" type="stmt"/>
      <line num="54" count="7" type="cond" truecount="2" falsecount="0"/>
      <line num="56" count="5" type="stmt"/>
      <line num="57" count="5" type="stmt"/>
      <line num="58" count="5" type="stmt"/>
      <line num="61" count="5" type="cond" truecount="1" falsecount="1"/>
      <line num="63" count="5" type="stmt"/>
      <line num="64" count="5" type="stmt"/>
      <line num="65" count="5" type="stmt"/>
      <line num="67" count="5" type="stmt"/>
      <line num="76" count="2" type="stmt"/>
      <line num="80" count="2" type="stmt"/>
      <line num="81" count="2" type="stmt"/>
      <line num="82" count="4" type="stmt"/>
      <line num="83" count="4" type="stmt"/>
      <line num="85" count="4" type="stmt"/>
      <line num="86" count="2" type="stmt"/>
      <line num="87" count="2" type="stmt"/>
      <line num="89" count="2" type="stmt"/>
      <line num="91" count="2" type="cond" truecount="2" falsecount="0"/>
      <line num="92" count="1" type="cond" truecount="1" falsecount="1"/>
      <line num="94" count="0" type="stmt"/>
      <line num="95" count="0" type="stmt"/>
      <line num="96" count="0" type="stmt"/>
      <line num="99" count="2" type="stmt"/>
      <line num="100" count="1" type="stmt"/>
      <line num="104" count="2" type="stmt"/>
      <line num="107" count="14" type="stmt"/>
    </file>
  </project>
</coverage>
