{"C:\\Users\\user\\WebstormProjects\\Projectkurs\\ts\\ArtificialBasisSolver.ts": {"path":"C:\\Users\\user\\WebstormProjects\\Projectkurs\\ts\\ArtificialBasisSolver.ts","statementMap":{"0":{"start":{"line":1,"column":0},"end":{"line":1,"column":54}},"1":{"start":{"line":2,"column":0},"end":{"line":2,"column":36}},"2":{"start":{"line":6,"column":12},"end":{"line":6,"column":48}},"3":{"start":{"line":9,"column":35},"end":{"line":9,"column":37}},"4":{"start":{"line":12,"column":21},"end":{"line":12,"column":56}},"5":{"start":{"line":15,"column":30},"end":{"line":15,"column":32}},"6":{"start":{"line":16,"column":8},"end":{"line":23,"column":9}},"7":{"start":{"line":16,"column":21},"end":{"line":16,"column":22}},"8":{"start":{"line":17,"column":12},"end":{"line":22,"column":13}},"9":{"start":{"line":18,"column":16},"end":{"line":18,"column":39}},"10":{"start":{"line":21,"column":16},"end":{"line":21,"column":48}},"11":{"start":{"line":25,"column":8},"end":{"line":29,"column":11}},"12":{"start":{"line":31,"column":8},"end":{"line":58,"column":9}},"13":{"start":{"line":31,"column":24},"end":{"line":31,"column":25}},"14":{"start":{"line":32,"column":25},"end":{"line":32,"column":53}},"15":{"start":{"line":35,"column":12},"end":{"line":39,"column":13}},"16":{"start":{"line":36,"column":16},"end":{"line":36,"column":59}},"17":{"start":{"line":37,"column":16},"end":{"line":37,"column":75}},"18":{"start":{"line":38,"column":16},"end":{"line":38,"column":22}},"19":{"start":{"line":41,"column":25},"end":{"line":41,"column":56}},"20":{"start":{"line":43,"column":12},"end":{"line":45,"column":13}},"21":{"start":{"line":44,"column":16},"end":{"line":44,"column":114}},"22":{"start":{"line":47,"column":12},"end":{"line":47,"column":56}},"23":{"start":{"line":48,"column":12},"end":{"line":48,"column":56}},"24":{"start":{"line":50,"column":12},"end":{"line":50,"column":58}},"25":{"start":{"line":51,"column":12},"end":{"line":51,"column":31}},"26":{"start":{"line":53,"column":12},"end":{"line":57,"column":15}},"27":{"start":{"line":59,"column":8},"end":{"line":59,"column":23}},"28":{"start":{"line":63,"column":18},"end":{"line":63,"column":24}},"29":{"start":{"line":64,"column":18},"end":{"line":64,"column":24}},"30":{"start":{"line":65,"column":37},"end":{"line":65,"column":39}},"31":{"start":{"line":67,"column":8},"end":{"line":91,"column":9}},"32":{"start":{"line":67,"column":21},"end":{"line":67,"column":22}},"33":{"start":{"line":68,"column":36},"end":{"line":68,"column":38}},"34":{"start":{"line":69,"column":22},"end":{"line":69,"column":41}},"35":{"start":{"line":71,"column":23},"end":{"line":71,"column":64}},"36":{"start":{"line":72,"column":30},"end":{"line":72,"column":36}},"37":{"start":{"line":73,"column":12},"end":{"line":75,"column":13}},"38":{"start":{"line":74,"column":16},"end":{"line":74,"column":99}},"39":{"start":{"line":77,"column":12},"end":{"line":77,"column":70}},"40":{"start":{"line":77,"column":25},"end":{"line":77,"column":26}},"41":{"start":{"line":77,"column":40},"end":{"line":77,"column":70}},"42":{"start":{"line":78,"column":12},"end":{"line":85,"column":13}},"43":{"start":{"line":78,"column":25},"end":{"line":78,"column":26}},"44":{"start":{"line":79,"column":26},"end":{"line":79,"column":27}},"45":{"start":{"line":80,"column":16},"end":{"line":83,"column":17}},"46":{"start":{"line":81,"column":20},"end":{"line":82,"column":60}},"47":{"start":{"line":81,"column":46},"end":{"line":81,"column":54}},"48":{"start":{"line":82,"column":25},"end":{"line":82,"column":60}},"49":{"start":{"line":82,"column":51},"end":{"line":82,"column":60}},"50":{"start":{"line":84,"column":16},"end":{"line":84,"column":44}},"51":{"start":{"line":86,"column":12},"end":{"line":88,"column":13}},"52":{"start":{"line":86,"column":25},"end":{"line":86,"column":26}},"53":{"start":{"line":87,"column":16},"end":{"line":87,"column":106}},"54":{"start":{"line":89,"column":12},"end":{"line":89,"column":36}},"55":{"start":{"line":90,"column":12},"end":{"line":90,"column":29}},"56":{"start":{"line":94,"column":33},"end":{"line":94,"column":35}},"57":{"start":{"line":95,"column":22},"end":{"line":95,"column":43}},"58":{"start":{"line":97,"column":8},"end":{"line":99,"column":9}},"59":{"start":{"line":97,"column":21},"end":{"line":97,"column":22}},"60":{"start":{"line":98,"column":12},"end":{"line":98,"column":91}},"61":{"start":{"line":100,"column":8},"end":{"line":100,"column":63}},"62":{"start":{"line":100,"column":21},"end":{"line":100,"column":22}},"63":{"start":{"line":100,"column":36},"end":{"line":100,"column":63}},"64":{"start":{"line":101,"column":8},"end":{"line":101,"column":60}},"65":{"start":{"line":101,"column":21},"end":{"line":101,"column":22}},"66":{"start":{"line":101,"column":36},"end":{"line":101,"column":60}},"67":{"start":{"line":102,"column":8},"end":{"line":102,"column":35}},"68":{"start":{"line":103,"column":8},"end":{"line":103,"column":26}},"69":{"start":{"line":106,"column":21},"end":{"line":106,"column":38}},"70":{"start":{"line":107,"column":8},"end":{"line":117,"column":9}},"71":{"start":{"line":107,"column":21},"end":{"line":107,"column":22}},"72":{"start":{"line":108,"column":22},"end":{"line":108,"column":41}},"73":{"start":{"line":109,"column":32},"end":{"line":109,"column":93}},"74":{"start":{"line":111,"column":12},"end":{"line":116,"column":13}},"75":{"start":{"line":112,"column":31},"end":{"line":112,"column":54}},"76":{"start":{"line":113,"column":16},"end":{"line":115,"column":17}},"77":{"start":{"line":113,"column":29},"end":{"line":113,"column":30}},"78":{"start":{"line":114,"column":20},"end":{"line":114,"column":84}},"79":{"start":{"line":118,"column":8},"end":{"line":118,"column":22}},"80":{"start":{"line":122,"column":21},"end":{"line":122,"column":46}},"81":{"start":{"line":123,"column":21},"end":{"line":123,"column":23}},"82":{"start":{"line":124,"column":8},"end":{"line":128,"column":9}},"83":{"start":{"line":124,"column":21},"end":{"line":124,"column":22}},"84":{"start":{"line":125,"column":12},"end":{"line":127,"column":13}},"85":{"start":{"line":126,"column":16},"end":{"line":126,"column":88}},"86":{"start":{"line":126,"column":77},"end":{"line":126,"column":88}},"87":{"start":{"line":129,"column":8},"end":{"line":129,"column":22}},"88":{"start":{"line":133,"column":21},"end":{"line":133,"column":23}},"89":{"start":{"line":134,"column":40},"end":{"line":134,"column":44}},"90":{"start":{"line":135,"column":24},"end":{"line":135,"column":44}},"91":{"start":{"line":136,"column":8},"end":{"line":144,"column":9}},"92":{"start":{"line":136,"column":21},"end":{"line":136,"column":22}},"93":{"start":{"line":137,"column":12},"end":{"line":143,"column":13}},"94":{"start":{"line":138,"column":30},"end":{"line":138,"column":68}},"95":{"start":{"line":139,"column":16},"end":{"line":142,"column":17}},"96":{"start":{"line":140,"column":20},"end":{"line":140,"column":37}},"97":{"start":{"line":141,"column":20},"end":{"line":141,"column":31}},"98":{"start":{"line":145,"column":8},"end":{"line":145,"column":22}},"99":{"start":{"line":149,"column":18},"end":{"line":149,"column":24}},"100":{"start":{"line":149,"column":30},"end":{"line":149,"column":36}},"101":{"start":{"line":150,"column":8},"end":{"line":155,"column":11}},"102":{"start":{"line":151,"column":12},"end":{"line":154,"column":13}},"103":{"start":{"line":152,"column":28},"end":{"line":152,"column":64}},"104":{"start":{"line":153,"column":16},"end":{"line":153,"column":120}},"105":{"start":{"line":153,"column":35},"end":{"line":153,"column":120}},"106":{"start":{"line":4,"column":0},"end":{"line":4,"column":13}}},"fnMap":{"0":{"name":"(anonymous_0)","decl":{"start":{"line":4,"column":0},"end":{"line":4,"column":13}},"loc":{"start":{"line":4,"column":0},"end":{"line":157,"column":1}}},"1":{"name":"(anonymous_1)","decl":{"start":{"line":8,"column":11},"end":{"line":8,"column":16}},"loc":{"start":{"line":8,"column":26},"end":{"line":60,"column":5}}},"2":{"name":"(anonymous_2)","decl":{"start":{"line":62,"column":12},"end":{"line":62,"column":36}},"loc":{"start":{"line":62,"column":46},"end":{"line":119,"column":5}}},"3":{"name":"(anonymous_3)","decl":{"start":{"line":121,"column":14},"end":{"line":121,"column":29}},"loc":{"start":{"line":121,"column":50},"end":{"line":130,"column":5}}},"4":{"name":"(anonymous_4)","decl":{"start":{"line":132,"column":14},"end":{"line":132,"column":26}},"loc":{"start":{"line":132,"column":60},"end":{"line":146,"column":5}}},"5":{"name":"(anonymous_5)","decl":{"start":{"line":148,"column":12},"end":{"line":148,"column":28}},"loc":{"start":{"line":148,"column":77},"end":{"line":156,"column":5}}},"6":{"name":"(anonymous_6)","decl":{"start":{"line":150,"column":22},"end":{"line":150,"column":23}},"loc":{"start":{"line":150,"column":39},"end":{"line":155,"column":9}}}},"branchMap":{"0":{"loc":{"start":{"line":17,"column":12},"end":{"line":22,"column":13}},"type":"if","locations":[{"start":{"line":17,"column":12},"end":{"line":22,"column":13}},{"start":{"line":19,"column":19},"end":{"line":22,"column":13}}]},"1":{"loc":{"start":{"line":17,"column":16},"end":{"line":17,"column":90}},"type":"binary-expr","locations":[{"start":{"line":17,"column":16},"end":{"line":17,"column":49}},{"start":{"line":17,"column":53},"end":{"line":17,"column":90}}]},"2":{"loc":{"start":{"line":35,"column":12},"end":{"line":39,"column":13}},"type":"if","locations":[{"start":{"line":35,"column":12},"end":{"line":39,"column":13}},{"start":{},"end":{}}]},"3":{"loc":{"start":{"line":43,"column":12},"end":{"line":45,"column":13}},"type":"if","locations":[{"start":{"line":43,"column":12},"end":{"line":45,"column":13}},{"start":{},"end":{}}]},"4":{"loc":{"start":{"line":71,"column":36},"end":{"line":71,"column":63}},"type":"cond-expr","locations":[{"start":{"line":71,"column":57},"end":{"line":71,"column":59}},{"start":{"line":71,"column":62},"end":{"line":71,"column":63}}]},"5":{"loc":{"start":{"line":73,"column":12},"end":{"line":75,"column":13}},"type":"if","locations":[{"start":{"line":73,"column":12},"end":{"line":75,"column":13}},{"start":{},"end":{}}]},"6":{"loc":{"start":{"line":74,"column":31},"end":{"line":74,"column":97}},"type":"cond-expr","locations":[{"start":{"line":74,"column":54},"end":{"line":74,"column":58}},{"start":{"line":74,"column":62},"end":{"line":74,"column":96}}]},"7":{"loc":{"start":{"line":74,"column":62},"end":{"line":74,"column":96}},"type":"cond-expr","locations":[{"start":{"line":74,"column":85},"end":{"line":74,"column":89}},{"start":{"line":74,"column":92},"end":{"line":74,"column":96}}]},"8":{"loc":{"start":{"line":80,"column":16},"end":{"line":83,"column":17}},"type":"if","locations":[{"start":{"line":80,"column":16},"end":{"line":83,"column":17}},{"start":{},"end":{}}]},"9":{"loc":{"start":{"line":81,"column":20},"end":{"line":82,"column":60}},"type":"if","locations":[{"start":{"line":81,"column":20},"end":{"line":82,"column":60}},{"start":{"line":82,"column":25},"end":{"line":82,"column":60}}]},"10":{"loc":{"start":{"line":82,"column":25},"end":{"line":82,"column":60}},"type":"if","locations":[{"start":{"line":82,"column":25},"end":{"line":82,"column":60}},{"start":{},"end":{}}]},"11":{"loc":{"start":{"line":87,"column":38},"end":{"line":87,"column":103}},"type":"cond-expr","locations":[{"start":{"line":87,"column":98},"end":{"line":87,"column":99}},{"start":{"line":87,"column":102},"end":{"line":87,"column":103}}]},"12":{"loc":{"start":{"line":87,"column":38},"end":{"line":87,"column":95}},"type":"binary-expr","locations":[{"start":{"line":87,"column":38},"end":{"line":87,"column":45}},{"start":{"line":87,"column":50},"end":{"line":87,"column":70}},{"start":{"line":87,"column":74},"end":{"line":87,"column":94}}]},"13":{"loc":{"start":{"line":98,"column":22},"end":{"line":98,"column":89}},"type":"cond-expr","locations":[{"start":{"line":98,"column":30},"end":{"line":98,"column":69}},{"start":{"line":98,"column":72},"end":{"line":98,"column":89}}]},"14":{"loc":{"start":{"line":109,"column":32},"end":{"line":109,"column":93}},"type":"cond-expr","locations":[{"start":{"line":109,"column":54},"end":{"line":109,"column":83}},{"start":{"line":109,"column":87},"end":{"line":109,"column":93}}]},"15":{"loc":{"start":{"line":109,"column":54},"end":{"line":109,"column":83}},"type":"cond-expr","locations":[{"start":{"line":109,"column":72},"end":{"line":109,"column":76}},{"start":{"line":109,"column":79},"end":{"line":109,"column":83}}]},"16":{"loc":{"start":{"line":111,"column":12},"end":{"line":116,"column":13}},"type":"if","locations":[{"start":{"line":111,"column":12},"end":{"line":116,"column":13}},{"start":{},"end":{}}]},"17":{"loc":{"start":{"line":111,"column":16},"end":{"line":111,"column":79}},"type":"binary-expr","locations":[{"start":{"line":111,"column":16},"end":{"line":111,"column":36}},{"start":{"line":111,"column":40},"end":{"line":111,"column":60}},{"start":{"line":111,"column":64},"end":{"line":111,"column":79}}]},"18":{"loc":{"start":{"line":125,"column":12},"end":{"line":127,"column":13}},"type":"if","locations":[{"start":{"line":125,"column":12},"end":{"line":127,"column":13}},{"start":{},"end":{}}]},"19":{"loc":{"start":{"line":126,"column":16},"end":{"line":126,"column":88}},"type":"if","locations":[{"start":{"line":126,"column":16},"end":{"line":126,"column":88}},{"start":{},"end":{}}]},"20":{"loc":{"start":{"line":126,"column":20},"end":{"line":126,"column":75}},"type":"binary-expr","locations":[{"start":{"line":126,"column":20},"end":{"line":126,"column":33}},{"start":{"line":126,"column":37},"end":{"line":126,"column":75}}]},"21":{"loc":{"start":{"line":137,"column":12},"end":{"line":143,"column":13}},"type":"if","locations":[{"start":{"line":137,"column":12},"end":{"line":143,"column":13}},{"start":{},"end":{}}]},"22":{"loc":{"start":{"line":139,"column":16},"end":{"line":142,"column":17}},"type":"if","locations":[{"start":{"line":139,"column":16},"end":{"line":142,"column":17}},{"start":{},"end":{}}]},"23":{"loc":{"start":{"line":139,"column":20},"end":{"line":139,"column":70}},"type":"binary-expr","locations":[{"start":{"line":139,"column":20},"end":{"line":139,"column":33}},{"start":{"line":139,"column":37},"end":{"line":139,"column":70}}]},"24":{"loc":{"start":{"line":151,"column":12},"end":{"line":154,"column":13}},"type":"if","locations":[{"start":{"line":151,"column":12},"end":{"line":154,"column":13}},{"start":{},"end":{}}]},"25":{"loc":{"start":{"line":153,"column":16},"end":{"line":153,"column":120}},"type":"if","locations":[{"start":{"line":153,"column":16},"end":{"line":153,"column":120}},{"start":{},"end":{}}]}},"s":{"0":1,"1":1,"2":1,"3":2,"4":2,"5":2,"6":2,"7":2,"8":4,"9":1,"10":3,"11":2,"12":2,"13":2,"14":6,"15":6,"16":2,"17":1,"18":1,"19":4,"20":4,"21":0,"22":4,"23":4,"24":4,"25":4,"26":4,"27":1,"28":2,"29":2,"30":2,"31":2,"32":2,"33":4,"34":4,"35":4,"36":4,"37":4,"38":0,"39":4,"40":4,"41":6,"42":4,"43":4,"44":8,"45":8,"46":4,"47":1,"48":3,"49":2,"50":8,"51":4,"52":4,"53":8,"54":4,"55":4,"56":2,"57":2,"58":2,"59":2,"60":3,"61":2,"62":2,"63":4,"64":2,"65":2,"66":4,"67":2,"68":2,"69":2,"70":2,"71":2,"72":4,"73":4,"74":4,"75":3,"76":3,"77":3,"78":20,"79":2,"80":6,"81":6,"82":6,"83":6,"84":34,"85":5,"86":4,"87":6,"88":4,"89":4,"90":4,"91":4,"92":4,"93":8,"94":7,"95":7,"96":5,"97":5,"98":4,"99":2,"100":2,"101":2,"102":4,"103":1,"104":1,"105":1,"106":1},"f":{"0":1,"1":2,"2":2,"3":6,"4":4,"5":2,"6":4},"b":{"0":[1,3],"1":[4,1],"2":[2,4],"3":[0,4],"4":[0,4],"5":[0,4],"6":[0,0],"7":[0,0],"8":[4,4],"9":[1,3],"10":[2,1],"11":[3,5],"12":[8,4,2],"13":[1,2],"14":[0,4],"15":[0,0],"16":[3,1],"17":[4,2,1],"18":[5,29],"19":[4,1],"20":[5,1],"21":[7,1],"22":[5,2],"23":[7,3],"24":[1,3],"25":[1,0]}}
,"C:\\Users\\user\\WebstormProjects\\Projectkurs\\ts\\BaseSimplexSolver.ts": {"path":"C:\\Users\\user\\WebstormProjects\\Projectkurs\\ts\\BaseSimplexSolver.ts","statementMap":{"0":{"start":{"line":1,"column":0},"end":{"line":1,"column":38}},"1":{"start":{"line":63,"column":14},"end":{"line":63,"column":68}},"2":{"start":{"line":63,"column":49},"end":{"line":63,"column":67}},"3":{"start":{"line":63,"column":60},"end":{"line":63,"column":66}},"4":{"start":{"line":13,"column":37},"end":{"line":13,"column":39}},"5":{"start":{"line":15,"column":8},"end":{"line":31,"column":9}},"6":{"start":{"line":15,"column":21},"end":{"line":15,"column":22}},"7":{"start":{"line":16,"column":36},"end":{"line":16,"column":38}},"8":{"start":{"line":17,"column":27},"end":{"line":17,"column":46}},"9":{"start":{"line":20,"column":28},"end":{"line":20,"column":69}},"10":{"start":{"line":22,"column":12},"end":{"line":24,"column":13}},"11":{"start":{"line":22,"column":25},"end":{"line":22,"column":26}},"12":{"start":{"line":23,"column":16},"end":{"line":23,"column":70}},"13":{"start":{"line":26,"column":12},"end":{"line":28,"column":13}},"14":{"start":{"line":26,"column":25},"end":{"line":26,"column":26}},"15":{"start":{"line":27,"column":16},"end":{"line":27,"column":56}},"16":{"start":{"line":29,"column":12},"end":{"line":29,"column":60}},"17":{"start":{"line":30,"column":12},"end":{"line":30,"column":29}},"18":{"start":{"line":34,"column":33},"end":{"line":34,"column":35}},"19":{"start":{"line":35,"column":8},"end":{"line":39,"column":9}},"20":{"start":{"line":35,"column":21},"end":{"line":35,"column":22}},"21":{"start":{"line":37,"column":24},"end":{"line":37,"column":54}},"22":{"start":{"line":38,"column":12},"end":{"line":38,"column":64}},"23":{"start":{"line":40,"column":8},"end":{"line":40,"column":69}},"24":{"start":{"line":40,"column":21},"end":{"line":40,"column":22}},"25":{"start":{"line":40,"column":42},"end":{"line":40,"column":69}},"26":{"start":{"line":41,"column":8},"end":{"line":41,"column":26}},"27":{"start":{"line":43,"column":8},"end":{"line":43,"column":22}},"28":{"start":{"line":48,"column":22},"end":{"line":48,"column":40}},"29":{"start":{"line":49,"column":20},"end":{"line":49,"column":60}},"30":{"start":{"line":49,"column":38},"end":{"line":49,"column":59}},"31":{"start":{"line":49,"column":54},"end":{"line":49,"column":58}},"32":{"start":{"line":51,"column":8},"end":{"line":51,"column":59}},"33":{"start":{"line":51,"column":42},"end":{"line":51,"column":57}},"34":{"start":{"line":52,"column":8},"end":{"line":59,"column":9}},"35":{"start":{"line":52,"column":21},"end":{"line":52,"column":22}},"36":{"start":{"line":53,"column":12},"end":{"line":58,"column":13}},"37":{"start":{"line":54,"column":31},"end":{"line":54,"column":43}},"38":{"start":{"line":55,"column":16},"end":{"line":57,"column":17}},"39":{"start":{"line":55,"column":29},"end":{"line":55,"column":30}},"40":{"start":{"line":56,"column":20},"end":{"line":56,"column":72}},"41":{"start":{"line":60,"column":8},"end":{"line":60,"column":19}},"42":{"start":{"line":5,"column":0},"end":{"line":5,"column":22}}},"fnMap":{"0":{"name":"(anonymous_0)","decl":{"start":{"line":5,"column":0},"end":{"line":5,"column":22}},"loc":{"start":{"line":5,"column":0},"end":{"line":64,"column":1}}},"1":{"name":"(anonymous_1)","decl":{"start":{"line":63,"column":28},"end":{"line":63,"column":29}},"loc":{"start":{"line":63,"column":49},"end":{"line":63,"column":67}}},"2":{"name":"(anonymous_2)","decl":{"start":{"line":63,"column":55},"end":{"line":63,"column":56}},"loc":{"start":{"line":63,"column":60},"end":{"line":63,"column":66}}},"3":{"name":"(anonymous_3)","decl":{"start":{"line":12,"column":14},"end":{"line":12,"column":28}},"loc":{"start":{"line":12,"column":63},"end":{"line":44,"column":5}}},"4":{"name":"(anonymous_4)","decl":{"start":{"line":47,"column":14},"end":{"line":47,"column":25}},"loc":{"start":{"line":47,"column":74},"end":{"line":61,"column":5}}},"5":{"name":"(anonymous_5)","decl":{"start":{"line":49,"column":31},"end":{"line":49,"column":34}},"loc":{"start":{"line":49,"column":38},"end":{"line":49,"column":59}}},"6":{"name":"(anonymous_6)","decl":{"start":{"line":49,"column":46},"end":{"line":49,"column":50}},"loc":{"start":{"line":49,"column":54},"end":{"line":49,"column":58}}},"7":{"name":"(anonymous_7)","decl":{"start":{"line":51,"column":34},"end":{"line":51,"column":38}},"loc":{"start":{"line":51,"column":42},"end":{"line":51,"column":57}}}},"branchMap":{"0":{"loc":{"start":{"line":12,"column":40},"end":{"line":12,"column":63}},"type":"default-arg","locations":[{"start":{"line":12,"column":58},"end":{"line":12,"column":63}}]},"1":{"loc":{"start":{"line":20,"column":28},"end":{"line":20,"column":69}},"type":"cond-expr","locations":[{"start":{"line":20,"column":63},"end":{"line":20,"column":65}},{"start":{"line":20,"column":68},"end":{"line":20,"column":69}}]},"2":{"loc":{"start":{"line":20,"column":29},"end":{"line":20,"column":59}},"type":"binary-expr","locations":[{"start":{"line":20,"column":29},"end":{"line":20,"column":35}},{"start":{"line":20,"column":39},"end":{"line":20,"column":59}}]},"3":{"loc":{"start":{"line":27,"column":38},"end":{"line":27,"column":53}},"type":"cond-expr","locations":[{"start":{"line":27,"column":48},"end":{"line":27,"column":49}},{"start":{"line":27,"column":52},"end":{"line":27,"column":53}}]},"4":{"loc":{"start":{"line":37,"column":24},"end":{"line":37,"column":54}},"type":"cond-expr","locations":[{"start":{"line":37,"column":48},"end":{"line":37,"column":50}},{"start":{"line":37,"column":53},"end":{"line":37,"column":54}}]},"5":{"loc":{"start":{"line":53,"column":12},"end":{"line":58,"column":13}},"type":"if","locations":[{"start":{"line":53,"column":12},"end":{"line":58,"column":13}},{"start":{},"end":{}}]}},"s":{"0":3,"1":4,"2":16,"3":51,"4":2,"5":2,"6":2,"7":4,"8":4,"9":4,"10":4,"11":4,"12":8,"13":4,"14":4,"15":8,"16":4,"17":4,"18":2,"19":2,"20":2,"21":4,"22":4,"23":2,"24":2,"25":6,"26":2,"27":2,"28":9,"29":9,"30":28,"31":165,"32":9,"33":53,"34":9,"35":9,"36":28,"37":19,"38":19,"39":19,"40":112,"41":9,"42":3},"f":{"0":4,"1":16,"2":51,"3":2,"4":9,"5":28,"6":165,"7":53},"b":{"0":[0],"1":[0,4],"2":[4,0],"3":[4,4],"4":[4,0],"5":[19,9]}}
,"C:\\Users\\user\\WebstormProjects\\Projectkurs\\ts\\Fraction.ts": {"path":"C:\\Users\\user\\WebstormProjects\\Projectkurs\\ts\\Fraction.ts","statementMap":{"0":{"start":{"line":2,"column":23},"end":{"line":2,"column":34}},"1":{"start":{"line":2,"column":43},"end":{"line":2,"column":57}},"2":{"start":{"line":3,"column":8},"end":{"line":3,"column":24}},"3":{"start":{"line":7,"column":8},"end":{"line":7,"column":76}},"4":{"start":{"line":7,"column":28},"end":{"line":7,"column":76}},"5":{"start":{"line":8,"column":8},"end":{"line":8,"column":61}},"6":{"start":{"line":8,"column":28},"end":{"line":8,"column":43}},"7":{"start":{"line":8,"column":44},"end":{"line":8,"column":59}},"8":{"start":{"line":9,"column":23},"end":{"line":9,"column":71}},"9":{"start":{"line":10,"column":8},"end":{"line":10,"column":27}},"10":{"start":{"line":11,"column":8},"end":{"line":11,"column":27}},"11":{"start":{"line":15,"column":8},"end":{"line":15,"column":48}},"12":{"start":{"line":19,"column":8},"end":{"line":19,"column":43}},"13":{"start":{"line":20,"column":8},"end":{"line":23,"column":9}},"14":{"start":{"line":21,"column":27},"end":{"line":21,"column":53}},"15":{"start":{"line":22,"column":12},"end":{"line":22,"column":43}},"16":{"start":{"line":24,"column":20},"end":{"line":24,"column":31}},"17":{"start":{"line":25,"column":8},"end":{"line":30,"column":9}},"18":{"start":{"line":26,"column":26},"end":{"line":26,"column":40}},"19":{"start":{"line":27,"column":24},"end":{"line":27,"column":53}},"20":{"start":{"line":28,"column":24},"end":{"line":28,"column":45}},"21":{"start":{"line":29,"column":12},"end":{"line":29,"column":42}},"22":{"start":{"line":31,"column":8},"end":{"line":31,"column":36}},"23":{"start":{"line":36,"column":18},"end":{"line":36,"column":37}},"24":{"start":{"line":37,"column":23},"end":{"line":37,"column":38}},"25":{"start":{"line":41,"column":8},"end":{"line":41,"column":70}},"26":{"start":{"line":43,"column":33},"end":{"line":43,"column":108}},"27":{"start":{"line":44,"column":33},"end":{"line":44,"column":108}},"28":{"start":{"line":45,"column":33},"end":{"line":45,"column":89}},"29":{"start":{"line":46,"column":33},"end":{"line":46,"column":89}},"30":{"start":{"line":48,"column":28},"end":{"line":48,"column":48}},"31":{"start":{"line":49,"column":24},"end":{"line":49,"column":46}},"32":{"start":{"line":50,"column":25},"end":{"line":50,"column":91}},"33":{"start":{"line":1,"column":0},"end":{"line":1,"column":13}}},"fnMap":{"0":{"name":"(anonymous_0)","decl":{"start":{"line":2,"column":4},"end":{"line":2,"column":23}},"loc":{"start":{"line":2,"column":58},"end":{"line":4,"column":5}}},"1":{"name":"(anonymous_1)","decl":{"start":{"line":6,"column":12},"end":{"line":6,"column":20}},"loc":{"start":{"line":6,"column":20},"end":{"line":12,"column":5}}},"2":{"name":"(anonymous_2)","decl":{"start":{"line":14,"column":12},"end":{"line":14,"column":15}},"loc":{"start":{"line":14,"column":36},"end":{"line":16,"column":5}}},"3":{"name":"(anonymous_3)","decl":{"start":{"line":18,"column":4},"end":{"line":18,"column":10}},"loc":{"start":{"line":18,"column":33},"end":{"line":32,"column":5}}},"4":{"name":"(anonymous_4)","decl":{"start":{"line":34,"column":11},"end":{"line":34,"column":28}},"loc":{"start":{"line":34,"column":28},"end":{"line":42,"column":5}}},"5":{"name":"(anonymous_5)","decl":{"start":{"line":43,"column":4},"end":{"line":43,"column":7}},"loc":{"start":{"line":43,"column":19},"end":{"line":43,"column":110}}},"6":{"name":"(anonymous_6)","decl":{"start":{"line":44,"column":4},"end":{"line":44,"column":7}},"loc":{"start":{"line":44,"column":19},"end":{"line":44,"column":110}}},"7":{"name":"(anonymous_7)","decl":{"start":{"line":45,"column":4},"end":{"line":45,"column":7}},"loc":{"start":{"line":45,"column":19},"end":{"line":45,"column":91}}},"8":{"name":"(anonymous_8)","decl":{"start":{"line":46,"column":4},"end":{"line":46,"column":7}},"loc":{"start":{"line":46,"column":19},"end":{"line":46,"column":91}}},"9":{"name":"(anonymous_9)","decl":{"start":{"line":48,"column":4},"end":{"line":48,"column":14}},"loc":{"start":{"line":48,"column":14},"end":{"line":48,"column":50}}},"10":{"name":"(anonymous_10)","decl":{"start":{"line":49,"column":4},"end":{"line":49,"column":10}},"loc":{"start":{"line":49,"column":10},"end":{"line":49,"column":48}}},"11":{"name":"(anonymous_11)","decl":{"start":{"line":50,"column":4},"end":{"line":50,"column":12}},"loc":{"start":{"line":50,"column":12},"end":{"line":50,"column":93}}}},"branchMap":{"0":{"loc":{"start":{"line":2,"column":43},"end":{"line":2,"column":58}},"type":"default-arg","locations":[{"start":{"line":2,"column":57},"end":{"line":2,"column":58}}]},"1":{"loc":{"start":{"line":7,"column":8},"end":{"line":7,"column":76}},"type":"if","locations":[{"start":{"line":7,"column":8},"end":{"line":7,"column":76}},{"start":{},"end":{}}]},"2":{"loc":{"start":{"line":8,"column":8},"end":{"line":8,"column":61}},"type":"if","locations":[{"start":{"line":8,"column":8},"end":{"line":8,"column":61}},{"start":{},"end":{}}]},"3":{"loc":{"start":{"line":15,"column":15},"end":{"line":15,"column":47}},"type":"cond-expr","locations":[{"start":{"line":15,"column":25},"end":{"line":15,"column":26}},{"start":{"line":15,"column":29},"end":{"line":15,"column":47}}]},"4":{"loc":{"start":{"line":20,"column":8},"end":{"line":23,"column":9}},"type":"if","locations":[{"start":{"line":20,"column":8},"end":{"line":23,"column":9}},{"start":{},"end":{}}]},"5":{"loc":{"start":{"line":22,"column":35},"end":{"line":22,"column":41}},"type":"binary-expr","locations":[{"start":{"line":22,"column":35},"end":{"line":22,"column":36}},{"start":{"line":22,"column":40},"end":{"line":22,"column":41}}]},"6":{"loc":{"start":{"line":25,"column":8},"end":{"line":30,"column":9}},"type":"if","locations":[{"start":{"line":25,"column":8},"end":{"line":30,"column":9}},{"start":{},"end":{}}]},"7":{"loc":{"start":{"line":50,"column":32},"end":{"line":50,"column":90}},"type":"cond-expr","locations":[{"start":{"line":50,"column":49},"end":{"line":50,"column":62}},{"start":{"line":50,"column":65},"end":{"line":50,"column":90}}]}},"s":{"0":561,"1":561,"2":561,"3":561,"4":0,"5":561,"6":8,"7":8,"8":561,"9":561,"10":561,"11":1317,"12":0,"13":0,"14":0,"15":0,"16":0,"17":0,"18":0,"19":0,"20":0,"21":0,"22":0,"23":11,"24":11,"25":11,"26":9,"27":170,"28":159,"29":70,"30":108,"31":40,"32":14,"33":5},"f":{"0":561,"1":561,"2":1317,"3":0,"4":11,"5":9,"6":170,"7":159,"8":70,"9":108,"10":40,"11":14},"b":{"0":[130],"1":[0,561],"2":[8,553],"3":[561,756],"4":[0,0],"5":[0,0],"6":[0,0],"7":[11,3]}}
,"C:\\Users\\user\\WebstormProjects\\Projectkurs\\ts\\GomorySolver.ts": {"path":"C:\\Users\\user\\WebstormProjects\\Projectkurs\\ts\\GomorySolver.ts","statementMap":{"0":{"start":{"line":1,"column":0},"end":{"line":1,"column":56}},"1":{"start":{"line":2,"column":0},"end":{"line":2,"column":38}},"2":{"start":{"line":3,"column":0},"end":{"line":3,"column":48}},"3":{"start":{"line":9,"column":33},"end":{"line":9,"column":35}},"4":{"start":{"line":13,"column":24},"end":{"line":13,"column":43}},"5":{"start":{"line":14,"column":8},"end":{"line":14,"column":38}},"6":{"start":{"line":17,"column":23},"end":{"line":17,"column":50}},"7":{"start":{"line":18,"column":21},"end":{"line":18,"column":54}},"8":{"start":{"line":19,"column":20},"end":{"line":19,"column":39}},"9":{"start":{"line":22,"column":8},"end":{"line":79,"column":9}},"10":{"start":{"line":22,"column":27},"end":{"line":22,"column":28}},"11":{"start":{"line":23,"column":28},"end":{"line":23,"column":48}},"12":{"start":{"line":24,"column":35},"end":{"line":24,"column":37}},"13":{"start":{"line":25,"column":30},"end":{"line":25,"column":45}},"14":{"start":{"line":28,"column":12},"end":{"line":35,"column":13}},"15":{"start":{"line":28,"column":25},"end":{"line":28,"column":26}},"16":{"start":{"line":29,"column":27},"end":{"line":29,"column":65}},"17":{"start":{"line":31,"column":16},"end":{"line":34,"column":17}},"18":{"start":{"line":32,"column":20},"end":{"line":32,"column":39}},"19":{"start":{"line":33,"column":20},"end":{"line":33,"column":41}},"20":{"start":{"line":38,"column":12},"end":{"line":45,"column":13}},"21":{"start":{"line":39,"column":16},"end":{"line":43,"column":19}},"22":{"start":{"line":44,"column":16},"end":{"line":44,"column":22}},"23":{"start":{"line":49,"column":37},"end":{"line":49,"column":39}},"24":{"start":{"line":50,"column":12},"end":{"line":54,"column":13}},"25":{"start":{"line":50,"column":25},"end":{"line":50,"column":26}},"26":{"start":{"line":51,"column":27},"end":{"line":51,"column":74}},"27":{"start":{"line":53,"column":16},"end":{"line":53,"column":63}},"28":{"start":{"line":57,"column":12},"end":{"line":59,"column":15}},"29":{"start":{"line":58,"column":16},"end":{"line":58,"column":63}},"30":{"start":{"line":62,"column":12},"end":{"line":62,"column":65}},"31":{"start":{"line":65,"column":12},"end":{"line":65,"column":56}},"32":{"start":{"line":68,"column":12},"end":{"line":68,"column":45}},"33":{"start":{"line":70,"column":12},"end":{"line":74,"column":15}},"34":{"start":{"line":78,"column":12},"end":{"line":78,"column":65}},"35":{"start":{"line":81,"column":8},"end":{"line":81,"column":23}},"36":{"start":{"line":85,"column":28},"end":{"line":85,"column":34}},"37":{"start":{"line":87,"column":8},"end":{"line":131,"column":9}},"38":{"start":{"line":88,"column":28},"end":{"line":88,"column":55}},"39":{"start":{"line":89,"column":23},"end":{"line":89,"column":25}},"40":{"start":{"line":92,"column":12},"end":{"line":98,"column":13}},"41":{"start":{"line":92,"column":25},"end":{"line":92,"column":26}},"42":{"start":{"line":93,"column":16},"end":{"line":97,"column":17}},"43":{"start":{"line":94,"column":20},"end":{"line":96,"column":21}},"44":{"start":{"line":95,"column":24},"end":{"line":95,"column":33}},"45":{"start":{"line":100,"column":12},"end":{"line":100,"column":35}},"46":{"start":{"line":100,"column":29},"end":{"line":100,"column":35}},"47":{"start":{"line":103,"column":23},"end":{"line":103,"column":25}},"48":{"start":{"line":104,"column":44},"end":{"line":104,"column":48}},"49":{"start":{"line":105,"column":25},"end":{"line":105,"column":64}},"50":{"start":{"line":107,"column":12},"end":{"line":116,"column":13}},"51":{"start":{"line":107,"column":25},"end":{"line":107,"column":26}},"52":{"start":{"line":108,"column":16},"end":{"line":115,"column":17}},"53":{"start":{"line":109,"column":32},"end":{"line":109,"column":67}},"54":{"start":{"line":110,"column":35},"end":{"line":110,"column":79}},"55":{"start":{"line":111,"column":20},"end":{"line":114,"column":21}},"56":{"start":{"line":112,"column":24},"end":{"line":112,"column":44}},"57":{"start":{"line":113,"column":24},"end":{"line":113,"column":33}},"58":{"start":{"line":118,"column":12},"end":{"line":118,"column":101}},"59":{"start":{"line":118,"column":29},"end":{"line":118,"column":101}},"60":{"start":{"line":121,"column":12},"end":{"line":121,"column":72}},"61":{"start":{"line":122,"column":12},"end":{"line":122,"column":31}},"62":{"start":{"line":124,"column":12},"end":{"line":130,"column":15}},"63":{"start":{"line":132,"column":8},"end":{"line":132,"column":29}},"64":{"start":{"line":6,"column":0},"end":{"line":6,"column":13}}},"fnMap":{"0":{"name":"(anonymous_0)","decl":{"start":{"line":8,"column":11},"end":{"line":8,"column":16}},"loc":{"start":{"line":8,"column":26},"end":{"line":82,"column":5}}},"1":{"name":"(anonymous_1)","decl":{"start":{"line":57,"column":27},"end":{"line":57,"column":28}},"loc":{"start":{"line":57,"column":38},"end":{"line":59,"column":13}}},"2":{"name":"(anonymous_2)","decl":{"start":{"line":84,"column":12},"end":{"line":84,"column":26}},"loc":{"start":{"line":84,"column":84},"end":{"line":133,"column":5}}}},"branchMap":{"0":{"loc":{"start":{"line":31,"column":16},"end":{"line":34,"column":17}},"type":"if","locations":[{"start":{"line":31,"column":16},"end":{"line":34,"column":17}},{"start":{},"end":{}}]},"1":{"loc":{"start":{"line":31,"column":20},"end":{"line":31,"column":96}},"type":"binary-expr","locations":[{"start":{"line":31,"column":20},"end":{"line":31,"column":34}},{"start":{"line":31,"column":39},"end":{"line":31,"column":62}},{"start":{"line":31,"column":66},"end":{"line":31,"column":95}}]},"2":{"loc":{"start":{"line":38,"column":12},"end":{"line":45,"column":13}},"type":"if","locations":[{"start":{"line":38,"column":12},"end":{"line":45,"column":13}},{"start":{},"end":{}}]},"3":{"loc":{"start":{"line":93,"column":16},"end":{"line":97,"column":17}},"type":"if","locations":[{"start":{"line":93,"column":16},"end":{"line":97,"column":17}},{"start":{},"end":{}}]},"4":{"loc":{"start":{"line":94,"column":20},"end":{"line":96,"column":21}},"type":"if","locations":[{"start":{"line":94,"column":20},"end":{"line":96,"column":21}},{"start":{},"end":{}}]},"5":{"loc":{"start":{"line":94,"column":24},"end":{"line":94,"column":111}},"type":"binary-expr","locations":[{"start":{"line":94,"column":24},"end":{"line":94,"column":35}},{"start":{"line":94,"column":39},"end":{"line":94,"column":111}}]},"6":{"loc":{"start":{"line":100,"column":12},"end":{"line":100,"column":35}},"type":"if","locations":[{"start":{"line":100,"column":12},"end":{"line":100,"column":35}},{"start":{},"end":{}}]},"7":{"loc":{"start":{"line":108,"column":16},"end":{"line":115,"column":17}},"type":"if","locations":[{"start":{"line":108,"column":16},"end":{"line":115,"column":17}},{"start":{},"end":{}}]},"8":{"loc":{"start":{"line":111,"column":20},"end":{"line":114,"column":21}},"type":"if","locations":[{"start":{"line":111,"column":20},"end":{"line":114,"column":21}},{"start":{},"end":{}}]},"9":{"loc":{"start":{"line":111,"column":24},"end":{"line":111,"column":75}},"type":"binary-expr","locations":[{"start":{"line":111,"column":24},"end":{"line":111,"column":35}},{"start":{"line":111,"column":39},"end":{"line":111,"column":75}}]},"10":{"loc":{"start":{"line":118,"column":12},"end":{"line":118,"column":101}},"type":"if","locations":[{"start":{"line":118,"column":12},"end":{"line":118,"column":101}},{"start":{},"end":{}}]}},"s":{"0":1,"1":1,"2":1,"3":1,"4":1,"5":1,"6":1,"7":1,"8":1,"9":1,"10":1,"11":2,"12":2,"13":2,"14":2,"15":2,"16":5,"17":5,"18":1,"19":1,"20":2,"21":1,"22":1,"23":1,"24":1,"25":1,"26":5,"27":5,"28":1,"29":3,"30":1,"31":1,"32":1,"33":1,"34":1,"35":1,"36":1,"37":1,"38":2,"39":2,"40":2,"41":2,"42":6,"43":1,"44":1,"45":2,"46":1,"47":1,"48":1,"49":1,"50":1,"51":1,"52":5,"53":2,"54":2,"55":2,"56":2,"57":2,"58":1,"59":0,"60":1,"61":1,"62":1,"63":1,"64":1},"f":{"0":1,"1":3,"2":1},"b":{"0":[1,4],"1":[5,2,1],"2":[1,1],"3":[1,5],"4":[1,0],"5":[1,0],"6":[1,1],"7":[2,3],"8":[2,0],"9":[2,1],"10":[0,1]}}
,"C:\\Users\\user\\WebstormProjects\\Projectkurs\\ts\\SimplexSolver.ts": {"path":"C:\\Users\\user\\WebstormProjects\\Projectkurs\\ts\\SimplexSolver.ts","statementMap":{"0":{"start":{"line":1,"column":0},"end":{"line":1,"column":56}},"1":{"start":{"line":2,"column":0},"end":{"line":2,"column":38}},"2":{"start":{"line":7,"column":35},"end":{"line":7,"column":37}},"3":{"start":{"line":8,"column":21},"end":{"line":8,"column":53}},"4":{"start":{"line":9,"column":20},"end":{"line":9,"column":72}},"5":{"start":{"line":9,"column":61},"end":{"line":9,"column":71}},"6":{"start":{"line":11,"column":8},"end":{"line":15,"column":11}},"7":{"start":{"line":17,"column":8},"end":{"line":39,"column":9}},"8":{"start":{"line":17,"column":24},"end":{"line":17,"column":25}},"9":{"start":{"line":19,"column":25},"end":{"line":19,"column":53}},"10":{"start":{"line":20,"column":12},"end":{"line":23,"column":13}},"11":{"start":{"line":21,"column":16},"end":{"line":21,"column":75}},"12":{"start":{"line":22,"column":16},"end":{"line":22,"column":22}},"13":{"start":{"line":25,"column":25},"end":{"line":25,"column":56}},"14":{"start":{"line":26,"column":12},"end":{"line":26,"column":77}},"15":{"start":{"line":26,"column":29},"end":{"line":26,"column":77}},"16":{"start":{"line":28,"column":12},"end":{"line":28,"column":56}},"17":{"start":{"line":29,"column":12},"end":{"line":29,"column":56}},"18":{"start":{"line":31,"column":12},"end":{"line":31,"column":58}},"19":{"start":{"line":32,"column":12},"end":{"line":32,"column":31}},"20":{"start":{"line":34,"column":12},"end":{"line":38,"column":15}},"21":{"start":{"line":40,"column":8},"end":{"line":40,"column":23}},"22":{"start":{"line":44,"column":21},"end":{"line":44,"column":46}},"23":{"start":{"line":45,"column":21},"end":{"line":45,"column":23}},"24":{"start":{"line":46,"column":21},"end":{"line":46,"column":36}},"25":{"start":{"line":48,"column":8},"end":{"line":57,"column":9}},"26":{"start":{"line":48,"column":21},"end":{"line":48,"column":22}},"27":{"start":{"line":51,"column":12},"end":{"line":56,"column":13}},"28":{"start":{"line":52,"column":16},"end":{"line":55,"column":17}},"29":{"start":{"line":53,"column":20},"end":{"line":53,"column":37}},"30":{"start":{"line":54,"column":20},"end":{"line":54,"column":31}},"31":{"start":{"line":58,"column":8},"end":{"line":58,"column":22}},"32":{"start":{"line":62,"column":21},"end":{"line":62,"column":23}},"33":{"start":{"line":63,"column":40},"end":{"line":63,"column":44}},"34":{"start":{"line":64,"column":24},"end":{"line":64,"column":44}},"35":{"start":{"line":66,"column":8},"end":{"line":75,"column":9}},"36":{"start":{"line":66,"column":21},"end":{"line":66,"column":22}},"37":{"start":{"line":67,"column":24},"end":{"line":67,"column":38}},"38":{"start":{"line":68,"column":12},"end":{"line":74,"column":13}},"39":{"start":{"line":69,"column":30},"end":{"line":69,"column":57}},"40":{"start":{"line":70,"column":16},"end":{"line":73,"column":17}},"41":{"start":{"line":71,"column":20},"end":{"line":71,"column":37}},"42":{"start":{"line":72,"column":20},"end":{"line":72,"column":31}},"43":{"start":{"line":76,"column":8},"end":{"line":76,"column":22}},"44":{"start":{"line":5,"column":0},"end":{"line":5,"column":13}}},"fnMap":{"0":{"name":"(anonymous_0)","decl":{"start":{"line":6,"column":11},"end":{"line":6,"column":16}},"loc":{"start":{"line":6,"column":26},"end":{"line":41,"column":5}}},"1":{"name":"(anonymous_1)","decl":{"start":{"line":9,"column":51},"end":{"line":9,"column":52}},"loc":{"start":{"line":9,"column":61},"end":{"line":9,"column":71}}},"2":{"name":"(anonymous_2)","decl":{"start":{"line":43,"column":14},"end":{"line":43,"column":29}},"loc":{"start":{"line":43,"column":50},"end":{"line":59,"column":5}}},"3":{"name":"(anonymous_3)","decl":{"start":{"line":61,"column":14},"end":{"line":61,"column":26}},"loc":{"start":{"line":61,"column":60},"end":{"line":77,"column":5}}}},"branchMap":{"0":{"loc":{"start":{"line":20,"column":12},"end":{"line":23,"column":13}},"type":"if","locations":[{"start":{"line":20,"column":12},"end":{"line":23,"column":13}},{"start":{},"end":{}}]},"1":{"loc":{"start":{"line":26,"column":12},"end":{"line":26,"column":77}},"type":"if","locations":[{"start":{"line":26,"column":12},"end":{"line":26,"column":77}},{"start":{},"end":{}}]},"2":{"loc":{"start":{"line":51,"column":12},"end":{"line":56,"column":13}},"type":"if","locations":[{"start":{"line":51,"column":12},"end":{"line":56,"column":13}},{"start":{},"end":{}}]},"3":{"loc":{"start":{"line":52,"column":16},"end":{"line":55,"column":17}},"type":"if","locations":[{"start":{"line":52,"column":16},"end":{"line":55,"column":17}},{"start":{},"end":{}}]},"4":{"loc":{"start":{"line":52,"column":20},"end":{"line":52,"column":69}},"type":"binary-expr","locations":[{"start":{"line":52,"column":20},"end":{"line":52,"column":33}},{"start":{"line":52,"column":37},"end":{"line":52,"column":69}}]},"5":{"loc":{"start":{"line":68,"column":12},"end":{"line":74,"column":13}},"type":"if","locations":[{"start":{"line":68,"column":12},"end":{"line":74,"column":13}},{"start":{},"end":{}}]},"6":{"loc":{"start":{"line":70,"column":16},"end":{"line":73,"column":17}},"type":"if","locations":[{"start":{"line":70,"column":16},"end":{"line":73,"column":17}},{"start":{},"end":{}}]},"7":{"loc":{"start":{"line":70,"column":20},"end":{"line":70,"column":70}},"type":"binary-expr","locations":[{"start":{"line":70,"column":20},"end":{"line":70,"column":33}},{"start":{"line":70,"column":37},"end":{"line":70,"column":70}}]}},"s":{"0":2,"1":2,"2":2,"3":2,"4":2,"5":4,"6":2,"7":2,"8":2,"9":6,"10":6,"11":2,"12":2,"13":4,"14":4,"15":0,"16":4,"17":4,"18":4,"19":4,"20":4,"21":2,"22":6,"23":6,"24":6,"25":6,"26":6,"27":24,"28":6,"29":4,"30":4,"31":6,"32":4,"33":4,"34":4,"35":4,"36":4,"37":8,"38":8,"39":8,"40":8,"41":6,"42":6,"43":4,"44":2},"f":{"0":2,"1":4,"2":6,"3":4},"b":{"0":[2,4],"1":[0,4],"2":[6,18],"3":[4,2],"4":[6,2],"5":[8,0],"6":[6,2],"7":[8,4]}}
,"C:\\Users\\user\\WebstormProjects\\Projectkurs\\ts\\TransportationSolver.ts": {"path":"C:\\Users\\user\\WebstormProjects\\Projectkurs\\ts\\TransportationSolver.ts","statementMap":{"0":{"start":{"line":1,"column":0},"end":{"line":1,"column":36}},"1":{"start":{"line":107,"column":12},"end":{"line":107,"column":70}},"2":{"start":{"line":107,"column":47},"end":{"line":107,"column":69}},"3":{"start":{"line":107,"column":60},"end":{"line":107,"column":68}},"4":{"start":{"line":8,"column":42},"end":{"line":8,"column":46}},"5":{"start":{"line":10,"column":8},"end":{"line":12,"column":9}},"6":{"start":{"line":11,"column":12},"end":{"line":11,"column":101}},"7":{"start":{"line":14,"column":35},"end":{"line":14,"column":37}},"8":{"start":{"line":18,"column":64},"end":{"line":18,"column":103}},"9":{"start":{"line":20,"column":18},"end":{"line":20,"column":39}},"10":{"start":{"line":21,"column":18},"end":{"line":21,"column":39}},"11":{"start":{"line":23,"column":38},"end":{"line":24,"column":null}},"12":{"start":{"line":24,"column":12},"end":{"line":24,"column":60}},"13":{"start":{"line":24,"column":44},"end":{"line":24,"column":59}},"14":{"start":{"line":27,"column":28},"end":{"line":27,"column":47}},"15":{"start":{"line":28,"column":28},"end":{"line":28,"column":47}},"16":{"start":{"line":30,"column":8},"end":{"line":34,"column":11}},"17":{"start":{"line":37,"column":8},"end":{"line":74,"column":9}},"18":{"start":{"line":38,"column":43},"end":{"line":38,"column":47}},"19":{"start":{"line":39,"column":62},"end":{"line":39,"column":66}},"20":{"start":{"line":41,"column":12},"end":{"line":52,"column":13}},"21":{"start":{"line":41,"column":25},"end":{"line":41,"column":26}},"22":{"start":{"line":42,"column":16},"end":{"line":42,"column":56}},"23":{"start":{"line":42,"column":47},"end":{"line":42,"column":56}},"24":{"start":{"line":43,"column":16},"end":{"line":51,"column":17}},"25":{"start":{"line":43,"column":29},"end":{"line":43,"column":30}},"26":{"start":{"line":44,"column":20},"end":{"line":44,"column":60}},"27":{"start":{"line":44,"column":51},"end":{"line":44,"column":60}},"28":{"start":{"line":46,"column":33},"end":{"line":46,"column":52}},"29":{"start":{"line":47,"column":20},"end":{"line":50,"column":21}},"30":{"start":{"line":48,"column":24},"end":{"line":48,"column":39}},"31":{"start":{"line":49,"column":24},"end":{"line":49,"column":52}},"32":{"start":{"line":54,"column":12},"end":{"line":54,"column":35}},"33":{"start":{"line":54,"column":29},"end":{"line":54,"column":35}},"34":{"start":{"line":56,"column":29},"end":{"line":56,"column":39}},"35":{"start":{"line":57,"column":22},"end":{"line":57,"column":38}},"36":{"start":{"line":58,"column":22},"end":{"line":58,"column":38}},"37":{"start":{"line":61,"column":24},"end":{"line":61,"column":53}},"38":{"start":{"line":63,"column":12},"end":{"line":63,"column":34}},"39":{"start":{"line":64,"column":12},"end":{"line":64,"column":42}},"40":{"start":{"line":65,"column":12},"end":{"line":65,"column":42}},"41":{"start":{"line":67,"column":12},"end":{"line":73,"column":15}},"42":{"start":{"line":76,"column":8},"end":{"line":76,"column":23}},"43":{"start":{"line":80,"column":19},"end":{"line":80,"column":34}},"44":{"start":{"line":81,"column":19},"end":{"line":81,"column":34}},"45":{"start":{"line":82,"column":8},"end":{"line":82,"column":48}},"46":{"start":{"line":82,"column":28},"end":{"line":82,"column":46}},"47":{"start":{"line":83,"column":8},"end":{"line":83,"column":48}},"48":{"start":{"line":83,"column":28},"end":{"line":83,"column":46}},"49":{"start":{"line":85,"column":28},"end":{"line":85,"column":54}},"50":{"start":{"line":85,"column":45},"end":{"line":85,"column":53}},"51":{"start":{"line":86,"column":29},"end":{"line":86,"column":40}},"52":{"start":{"line":87,"column":29},"end":{"line":87,"column":40}},"53":{"start":{"line":89,"column":21},"end":{"line":89,"column":35}},"54":{"start":{"line":91,"column":8},"end":{"line":102,"column":9}},"55":{"start":{"line":92,"column":12},"end":{"line":101,"column":13}},"56":{"start":{"line":94,"column":33},"end":{"line":94,"column":93}},"57":{"start":{"line":94,"column":77},"end":{"line":94,"column":92}},"58":{"start":{"line":95,"column":16},"end":{"line":95,"column":45}},"59":{"start":{"line":96,"column":16},"end":{"line":96,"column":80}},"60":{"start":{"line":99,"column":16},"end":{"line":99,"column":72}},"61":{"start":{"line":99,"column":45},"end":{"line":99,"column":70}},"62":{"start":{"line":100,"column":16},"end":{"line":100,"column":42}},"63":{"start":{"line":104,"column":8},"end":{"line":104,"column":65}},"64":{"start":{"line":5,"column":0},"end":{"line":5,"column":13}}},"fnMap":{"0":{"name":"(anonymous_0)","decl":{"start":{"line":5,"column":0},"end":{"line":5,"column":13}},"loc":{"start":{"line":5,"column":0},"end":{"line":108,"column":1}}},"1":{"name":"(anonymous_1)","decl":{"start":{"line":107,"column":26},"end":{"line":107,"column":27}},"loc":{"start":{"line":107,"column":47},"end":{"line":107,"column":69}}},"2":{"name":"(anonymous_2)","decl":{"start":{"line":107,"column":53},"end":{"line":107,"column":56}},"loc":{"start":{"line":107,"column":60},"end":{"line":107,"column":68}}},"3":{"name":"(anonymous_3)","decl":{"start":{"line":7,"column":11},"end":{"line":7,"column":16}},"loc":{"start":{"line":7,"column":26},"end":{"line":77,"column":5}}},"4":{"name":"(anonymous_4)","decl":{"start":{"line":23,"column":64},"end":{"line":23,"column":67}},"loc":{"start":{"line":24,"column":12},"end":{"line":24,"column":60}}},"5":{"name":"(anonymous_5)","decl":{"start":{"line":24,"column":38},"end":{"line":24,"column":41}},"loc":{"start":{"line":24,"column":44},"end":{"line":24,"column":59}}},"6":{"name":"(anonymous_6)","decl":{"start":{"line":79,"column":12},"end":{"line":79,"column":23}},"loc":{"start":{"line":79,"column":83},"end":{"line":105,"column":5}}},"7":{"name":"(anonymous_7)","decl":{"start":{"line":82,"column":23},"end":{"line":82,"column":24}},"loc":{"start":{"line":82,"column":28},"end":{"line":82,"column":46}}},"8":{"name":"(anonymous_8)","decl":{"start":{"line":83,"column":23},"end":{"line":83,"column":24}},"loc":{"start":{"line":83,"column":28},"end":{"line":83,"column":46}}},"9":{"name":"(anonymous_9)","decl":{"start":{"line":85,"column":38},"end":{"line":85,"column":41}},"loc":{"start":{"line":85,"column":45},"end":{"line":85,"column":53}}},"10":{"name":"(anonymous_10)","decl":{"start":{"line":94,"column":71},"end":{"line":94,"column":74}},"loc":{"start":{"line":94,"column":77},"end":{"line":94,"column":92}}},"11":{"name":"(anonymous_11)","decl":{"start":{"line":99,"column":38},"end":{"line":99,"column":41}},"loc":{"start":{"line":99,"column":45},"end":{"line":99,"column":70}}}},"branchMap":{"0":{"loc":{"start":{"line":10,"column":8},"end":{"line":12,"column":9}},"type":"if","locations":[{"start":{"line":10,"column":8},"end":{"line":12,"column":9}},{"start":{},"end":{}}]},"1":{"loc":{"start":{"line":10,"column":12},"end":{"line":10,"column":40}},"type":"binary-expr","locations":[{"start":{"line":10,"column":12},"end":{"line":10,"column":18}},{"start":{"line":10,"column":22},"end":{"line":10,"column":29}},{"start":{"line":10,"column":33},"end":{"line":10,"column":40}}]},"2":{"loc":{"start":{"line":42,"column":16},"end":{"line":42,"column":56}},"type":"if","locations":[{"start":{"line":42,"column":16},"end":{"line":42,"column":56}},{"start":{},"end":{}}]},"3":{"loc":{"start":{"line":44,"column":20},"end":{"line":44,"column":60}},"type":"if","locations":[{"start":{"line":44,"column":20},"end":{"line":44,"column":60}},{"start":{},"end":{}}]},"4":{"loc":{"start":{"line":47,"column":20},"end":{"line":50,"column":21}},"type":"if","locations":[{"start":{"line":47,"column":20},"end":{"line":50,"column":21}},{"start":{},"end":{}}]},"5":{"loc":{"start":{"line":47,"column":24},"end":{"line":47,"column":74}},"type":"binary-expr","locations":[{"start":{"line":47,"column":24},"end":{"line":47,"column":40}},{"start":{"line":47,"column":44},"end":{"line":47,"column":74}}]},"6":{"loc":{"start":{"line":54,"column":12},"end":{"line":54,"column":35}},"type":"if","locations":[{"start":{"line":54,"column":12},"end":{"line":54,"column":35}},{"start":{},"end":{}}]},"7":{"loc":{"start":{"line":61,"column":24},"end":{"line":61,"column":53}},"type":"cond-expr","locations":[{"start":{"line":61,"column":48},"end":{"line":61,"column":49}},{"start":{"line":61,"column":52},"end":{"line":61,"column":53}}]},"8":{"loc":{"start":{"line":91,"column":8},"end":{"line":102,"column":9}},"type":"if","locations":[{"start":{"line":91,"column":8},"end":{"line":102,"column":9}},{"start":{},"end":{}}]},"9":{"loc":{"start":{"line":92,"column":12},"end":{"line":101,"column":13}},"type":"if","locations":[{"start":{"line":92,"column":12},"end":{"line":101,"column":13}},{"start":{"line":97,"column":19},"end":{"line":101,"column":13}}]}},"s":{"0":1,"1":1,"2":7,"3":14,"4":2,"5":2,"6":0,"7":2,"8":2,"9":2,"10":2,"11":2,"12":4,"13":10,"14":2,"15":2,"16":2,"17":2,"18":7,"19":7,"20":7,"21":7,"22":14,"23":7,"24":7,"25":7,"26":18,"27":4,"28":14,"29":14,"30":6,"31":6,"32":7,"33":2,"34":5,"35":5,"36":5,"37":5,"38":5,"39":5,"40":5,"41":5,"42":2,"43":2,"44":2,"45":2,"46":4,"47":2,"48":4,"49":2,"50":4,"51":2,"52":2,"53":2,"54":2,"55":1,"56":0,"57":0,"58":0,"59":0,"60":1,"61":2,"62":1,"63":2,"64":1},"f":{"0":1,"1":7,"2":14,"3":2,"4":4,"5":10,"6":2,"7":4,"8":4,"9":4,"10":0,"11":2},"b":{"0":[0,2],"1":[2,2,2],"2":[7,7],"3":[4,14],"4":[6,8],"5":[14,9],"6":[2,5],"7":[0,5],"8":[1,1],"9":[0,1]}}
}
