TN:
SF:ts\ArtificialBasisSolver.ts
FN:4,(anonymous_0)
FN:8,(anonymous_1)
FN:62,(anonymous_2)
FN:121,(anonymous_3)
FN:132,(anonymous_4)
FN:148,(anonymous_5)
FN:150,(anonymous_6)
FNF:7
FNH:7
FNDA:1,(anonymous_0)
FNDA:2,(anonymous_1)
FNDA:2,(anonymous_2)
FNDA:6,(anonymous_3)
FNDA:4,(anonymous_4)
FNDA:2,(anonymous_5)
FNDA:4,(anonymous_6)
DA:1,1
DA:2,1
DA:4,1
DA:6,1
DA:9,2
DA:12,2
DA:15,2
DA:16,2
DA:17,4
DA:18,1
DA:21,3
DA:25,2
DA:31,2
DA:32,6
DA:35,6
DA:36,2
DA:37,1
DA:38,1
DA:41,4
DA:43,4
DA:44,0
DA:47,4
DA:48,4
DA:50,4
DA:51,4
DA:53,4
DA:59,1
DA:63,2
DA:64,2
DA:65,2
DA:67,2
DA:68,4
DA:69,4
DA:71,4
DA:72,4
DA:73,4
DA:74,0
DA:77,6
DA:78,4
DA:79,8
DA:80,8
DA:81,4
DA:82,3
DA:84,8
DA:86,4
DA:87,8
DA:89,4
DA:90,4
DA:94,2
DA:95,2
DA:97,2
DA:98,3
DA:100,4
DA:101,4
DA:102,2
DA:103,2
DA:106,2
DA:107,2
DA:108,4
DA:109,4
DA:111,4
DA:112,3
DA:113,3
DA:114,20
DA:118,2
DA:122,6
DA:123,6
DA:124,6
DA:125,34
DA:126,5
DA:129,6
DA:133,4
DA:134,4
DA:135,4
DA:136,4
DA:137,8
DA:138,7
DA:139,7
DA:140,5
DA:141,5
DA:145,4
DA:149,2
DA:150,2
DA:151,4
DA:152,1
DA:153,1
LF:86
LH:84
BRDA:17,0,0,1
BRDA:17,0,1,3
BRDA:17,1,0,4
BRDA:17,1,1,1
BRDA:35,2,0,2
BRDA:35,2,1,4
BRDA:43,3,0,0
BRDA:43,3,1,4
BRDA:71,4,0,0
BRDA:71,4,1,4
BRDA:73,5,0,0
BRDA:73,5,1,4
BRDA:74,6,0,0
BRDA:74,6,1,0
BRDA:74,7,0,0
BRDA:74,7,1,0
BRDA:80,8,0,4
BRDA:80,8,1,4
BRDA:81,9,0,1
BRDA:81,9,1,3
BRDA:82,10,0,2
BRDA:82,10,1,1
BRDA:87,11,0,3
BRDA:87,11,1,5
BRDA:87,12,0,8
BRDA:87,12,1,4
BRDA:87,12,2,2
BRDA:98,13,0,1
BRDA:98,13,1,2
BRDA:109,14,0,0
BRDA:109,14,1,4
BRDA:109,15,0,0
BRDA:109,15,1,0
BRDA:111,16,0,3
BRDA:111,16,1,1
BRDA:111,17,0,4
BRDA:111,17,1,2
BRDA:111,17,2,1
BRDA:125,18,0,5
BRDA:125,18,1,29
BRDA:126,19,0,4
BRDA:126,19,1,1
BRDA:126,20,0,5
BRDA:126,20,1,1
BRDA:137,21,0,7
BRDA:137,21,1,1
BRDA:139,22,0,5
BRDA:139,22,1,2
BRDA:139,23,0,7
BRDA:139,23,1,3
BRDA:151,24,0,1
BRDA:151,24,1,3
BRDA:153,25,0,1
BRDA:153,25,1,0
BRF:54
BRH:43
end_of_record
TN:
SF:ts\BaseSimplexSolver.ts
FN:5,(anonymous_0)
FN:63,(anonymous_1)
FN:63,(anonymous_2)
FN:12,(anonymous_3)
FN:47,(anonymous_4)
FN:49,(anonymous_5)
FN:49,(anonymous_6)
FN:51,(anonymous_7)
FNF:8
FNH:8
FNDA:4,(anonymous_0)
FNDA:16,(anonymous_1)
FNDA:51,(anonymous_2)
FNDA:2,(anonymous_3)
FNDA:9,(anonymous_4)
FNDA:28,(anonymous_5)
FNDA:165,(anonymous_6)
FNDA:53,(anonymous_7)
DA:1,3
DA:5,3
DA:13,2
DA:15,2
DA:16,4
DA:17,4
DA:20,4
DA:22,4
DA:23,8
DA:26,4
DA:27,8
DA:29,4
DA:30,4
DA:34,2
DA:35,2
DA:37,4
DA:38,4
DA:40,6
DA:41,2
DA:43,2
DA:48,9
DA:49,165
DA:51,53
DA:52,9
DA:53,28
DA:54,19
DA:55,19
DA:56,112
DA:60,9
DA:63,51
LF:30
LH:30
BRDA:12,0,0,0
BRDA:20,1,0,0
BRDA:20,1,1,4
BRDA:20,2,0,4
BRDA:20,2,1,0
BRDA:27,3,0,4
BRDA:27,3,1,4
BRDA:37,4,0,4
BRDA:37,4,1,0
BRDA:53,5,0,19
BRDA:53,5,1,9
BRF:11
BRH:7
end_of_record
TN:
SF:ts\Fraction.ts
FN:2,(anonymous_0)
FN:6,(anonymous_1)
FN:14,(anonymous_2)
FN:18,(anonymous_3)
FN:34,(anonymous_4)
FN:43,(anonymous_5)
FN:44,(anonymous_6)
FN:45,(anonymous_7)
FN:46,(anonymous_8)
FN:48,(anonymous_9)
FN:49,(anonymous_10)
FN:50,(anonymous_11)
FNF:12
FNH:11
FNDA:561,(anonymous_0)
FNDA:561,(anonymous_1)
FNDA:1317,(anonymous_2)
FNDA:0,(anonymous_3)
FNDA:11,(anonymous_4)
FNDA:9,(anonymous_5)
FNDA:170,(anonymous_6)
FNDA:159,(anonymous_7)
FNDA:70,(anonymous_8)
FNDA:108,(anonymous_9)
FNDA:40,(anonymous_10)
FNDA:14,(anonymous_11)
DA:1,5
DA:2,561
DA:3,561
DA:7,561
DA:8,561
DA:9,561
DA:10,561
DA:11,561
DA:15,1317
DA:19,0
DA:20,0
DA:21,0
DA:22,0
DA:24,0
DA:25,0
DA:26,0
DA:27,0
DA:28,0
DA:29,0
DA:31,0
DA:36,11
DA:37,11
DA:41,11
DA:43,9
DA:44,170
DA:45,159
DA:46,70
DA:48,108
DA:49,40
DA:50,14
LF:30
LH:19
BRDA:2,0,0,130
BRDA:7,1,0,0
BRDA:7,1,1,561
BRDA:8,2,0,8
BRDA:8,2,1,553
BRDA:15,3,0,561
BRDA:15,3,1,756
BRDA:20,4,0,0
BRDA:20,4,1,0
BRDA:22,5,0,0
BRDA:22,5,1,0
BRDA:25,6,0,0
BRDA:25,6,1,0
BRDA:50,7,0,11
BRDA:50,7,1,3
BRF:15
BRH:8
end_of_record
TN:
SF:ts\GomorySolver.ts
FN:8,(anonymous_0)
FN:57,(anonymous_1)
FN:84,(anonymous_2)
FNF:3
FNH:3
FNDA:1,(anonymous_0)
FNDA:3,(anonymous_1)
FNDA:1,(anonymous_2)
DA:1,1
DA:2,1
DA:3,1
DA:6,1
DA:9,1
DA:13,1
DA:14,1
DA:17,1
DA:18,1
DA:19,1
DA:22,1
DA:23,2
DA:24,2
DA:25,2
DA:28,2
DA:29,5
DA:31,5
DA:32,1
DA:33,1
DA:38,2
DA:39,1
DA:44,1
DA:49,1
DA:50,1
DA:51,5
DA:53,5
DA:57,1
DA:58,3
DA:62,1
DA:65,1
DA:68,1
DA:70,1
DA:78,1
DA:81,1
DA:85,1
DA:87,1
DA:88,2
DA:89,2
DA:92,2
DA:93,6
DA:94,1
DA:95,1
DA:100,2
DA:103,1
DA:104,1
DA:105,1
DA:107,1
DA:108,5
DA:109,2
DA:110,2
DA:111,2
DA:112,2
DA:113,2
DA:118,1
DA:121,1
DA:122,1
DA:124,1
DA:132,1
LF:58
LH:58
BRDA:31,0,0,1
BRDA:31,0,1,4
BRDA:31,1,0,5
BRDA:31,1,1,2
BRDA:31,1,2,1
BRDA:38,2,0,1
BRDA:38,2,1,1
BRDA:93,3,0,1
BRDA:93,3,1,5
BRDA:94,4,0,1
BRDA:94,4,1,0
BRDA:94,5,0,1
BRDA:94,5,1,0
BRDA:100,6,0,1
BRDA:100,6,1,1
BRDA:108,7,0,2
BRDA:108,7,1,3
BRDA:111,8,0,2
BRDA:111,8,1,0
BRDA:111,9,0,2
BRDA:111,9,1,1
BRDA:118,10,0,0
BRDA:118,10,1,1
BRF:23
BRH:19
end_of_record
TN:
SF:ts\SimplexSolver.ts
FN:6,(anonymous_0)
FN:9,(anonymous_1)
FN:43,(anonymous_2)
FN:61,(anonymous_3)
FNF:4
FNH:4
FNDA:2,(anonymous_0)
FNDA:4,(anonymous_1)
FNDA:6,(anonymous_2)
FNDA:4,(anonymous_3)
DA:1,2
DA:2,2
DA:5,2
DA:7,2
DA:8,2
DA:9,4
DA:11,2
DA:17,2
DA:19,6
DA:20,6
DA:21,2
DA:22,2
DA:25,4
DA:26,4
DA:28,4
DA:29,4
DA:31,4
DA:32,4
DA:34,4
DA:40,2
DA:44,6
DA:45,6
DA:46,6
DA:48,6
DA:51,24
DA:52,6
DA:53,4
DA:54,4
DA:58,6
DA:62,4
DA:63,4
DA:64,4
DA:66,4
DA:67,8
DA:68,8
DA:69,8
DA:70,8
DA:71,6
DA:72,6
DA:76,4
LF:40
LH:40
BRDA:20,0,0,2
BRDA:20,0,1,4
BRDA:26,1,0,0
BRDA:26,1,1,4
BRDA:51,2,0,6
BRDA:51,2,1,18
BRDA:52,3,0,4
BRDA:52,3,1,2
BRDA:52,4,0,6
BRDA:52,4,1,2
BRDA:68,5,0,8
BRDA:68,5,1,0
BRDA:70,6,0,6
BRDA:70,6,1,2
BRDA:70,7,0,8
BRDA:70,7,1,4
BRF:16
BRH:14
end_of_record
TN:
SF:ts\TransportationSolver.ts
FN:5,(anonymous_0)
FN:107,(anonymous_1)
FN:107,(anonymous_2)
FN:7,(anonymous_3)
FN:23,(anonymous_4)
FN:24,(anonymous_5)
FN:79,(anonymous_6)
FN:82,(anonymous_7)
FN:83,(anonymous_8)
FN:85,(anonymous_9)
FN:94,(anonymous_10)
FN:99,(anonymous_11)
FNF:12
FNH:11
FNDA:1,(anonymous_0)
FNDA:7,(anonymous_1)
FNDA:14,(anonymous_2)
FNDA:2,(anonymous_3)
FNDA:4,(anonymous_4)
FNDA:10,(anonymous_5)
FNDA:2,(anonymous_6)
FNDA:4,(anonymous_7)
FNDA:4,(anonymous_8)
FNDA:4,(anonymous_9)
FNDA:0,(anonymous_10)
FNDA:2,(anonymous_11)
DA:1,1
DA:5,1
DA:8,2
DA:10,2
DA:11,0
DA:14,2
DA:18,2
DA:20,2
DA:21,2
DA:23,2
DA:24,10
DA:27,2
DA:28,2
DA:30,2
DA:37,2
DA:38,7
DA:39,7
DA:41,7
DA:42,14
DA:43,7
DA:44,18
DA:46,14
DA:47,14
DA:48,6
DA:49,6
DA:54,7
DA:56,5
DA:57,5
DA:58,5
DA:61,5
DA:63,5
DA:64,5
DA:65,5
DA:67,5
DA:76,2
DA:80,2
DA:81,2
DA:82,4
DA:83,4
DA:85,4
DA:86,2
DA:87,2
DA:89,2
DA:91,2
DA:92,1
DA:94,0
DA:95,0
DA:96,0
DA:99,2
DA:100,1
DA:104,2
DA:107,14
LF:52
LH:48
BRDA:10,0,0,0
BRDA:10,0,1,2
BRDA:10,1,0,2
BRDA:10,1,1,2
BRDA:10,1,2,2
BRDA:42,2,0,7
BRDA:42,2,1,7
BRDA:44,3,0,4
BRDA:44,3,1,14
BRDA:47,4,0,6
BRDA:47,4,1,8
BRDA:47,5,0,14
BRDA:47,5,1,9
BRDA:54,6,0,2
BRDA:54,6,1,5
BRDA:61,7,0,0
BRDA:61,7,1,5
BRDA:91,8,0,1
BRDA:91,8,1,1
BRDA:92,9,0,0
BRDA:92,9,1,1
BRF:21
BRH:18
end_of_record
